<?xml version="1.0" encoding="UTF-8"?>
<!-- Generated by org.testng.reporters.JUnitReportReporter -->
<testsuite hostname="DESKTOP-S4IOPEO" failures="0" tests="1" name="verificationUsingTestNG.AssertTrueAndAssertFalse" time="0.016" errors="0" timestamp="2022-06-15T14:35:48 BST" skipped="0">
  <testcase classname="verificationUsingTestNG.AssertTrueAndAssertFalse" name="myMethod" time="0.016"/>
  <system-out>
    <![CDATA[value is false Tc is passed]]>
  </system-out>
</testsuite> <!-- verificationUsingTestNG.AssertTrueAndAssertFalse -->
