<?xml version="1.0" encoding="UTF-8"?>
<!-- Generated by org.testng.reporters.JUnitReportReporter -->
<testsuite hostname="DESKTOP-S4IOPEO" failures="0" tests="2" name="testNG.AnnotationStudy" time="0.015" errors="0" timestamp="2022-06-10T17:22:21 BST" skipped="0">
  <testcase classname="testNG.AnnotationStudy" name="myTest" time="0.008"/>
  <system-out>
    <![CDATA[Test Method is running]]>
  </system-out>
  <testcase classname="testNG.AnnotationStudy" name="myTest1" time="0.007"/>
  <system-out>
    <![CDATA[Test1 Method is running]]>
  </system-out>
</testsuite> <!-- testNG.AnnotationStudy -->
