<?xml version="1.0" encoding="UTF-8"?>
<!-- Generated by org.testng.reporters.JUnitReportReporter -->
<testsuite hostname="DESKTOP-S4IOPEO" failures="0" tests="1" name="verificationUsingTestNG.AssertEqualsAndNotEquals" time="0.014" errors="0" timestamp="2022-06-15T14:22:37 BST" skipped="0">
  <testcase classname="verificationUsingTestNG.AssertEqualsAndNotEquals" name="mymethod" time="0.014"/>
  <system-out>
    <![CDATA[Strings are not matching TC is passed]]>
  </system-out>
</testsuite> <!-- verificationUsingTestNG.AssertEqualsAndNotEquals -->
