<?xml version="1.0" encoding="UTF-8"?>
<!-- Generated by org.testng.reporters.JUnitReportReporter -->
<testsuite hostname="DESKTOP-S4IOPEO" failures="0" tests="1" name="parallelExecution.MyClass2" time="6.011" errors="0" timestamp="2022-06-14T21:35:15 BST" skipped="0">
  <testcase classname="parallelExecution.MyClass2" name="myMethod2" time="6.011"/>
  <system-out>
    <![CDATA[my Method2  is running]]>
  </system-out>
</testsuite> <!-- parallelExecution.MyClass2 -->
