<?xml version="1.0" encoding="UTF-8"?>
<!-- Generated by org.testng.reporters.JUnitReportReporter -->
<testsuite hostname="DESKTOP-S4IOPEO" failures="0" tests="4" name="testNGKeyWord.priorityUse" time="0.021" errors="0" timestamp="2022-06-13T14:45:55 BST" skipped="0">
  <testcase classname="testNGKeyWord.priorityUse" name="D" time="0.003"/>
  <system-out>
    <![CDATA[D is running]]>
  </system-out>
  <testcase classname="testNGKeyWord.priorityUse" name="C" time="0.011"/>
  <system-out>
    <![CDATA[C is running]]>
  </system-out>
  <testcase classname="testNGKeyWord.priorityUse" name="A" time="0.005"/>
  <system-out>
    <![CDATA[A is running]]>
  </system-out>
  <testcase classname="testNGKeyWord.priorityUse" name="B" time="0.002"/>
  <system-out>
    <![CDATA[B is running]]>
  </system-out>
</testsuite> <!-- testNGKeyWord.priorityUse -->
