<?xml version="1.0" encoding="UTF-8"?>
<!-- Generated by org.testng.reporters.JUnitReportReporter -->
<testsuite hostname="DESKTOP-S4IOPEO" failures="0" tests="3" name="testNGKeyWord.InvocationCountUse" time="0.034" errors="0" timestamp="2022-06-14T10:50:25 BST" skipped="0">
  <testcase classname="testNGKeyWord.InvocationCountUse" name="myMethod" time="0.011"/>
  <system-out>
    <![CDATA[my Method is Running]]>
  </system-out>
  <testcase classname="testNGKeyWord.InvocationCountUse" name="myMethod" time="0.007"/>
  <system-out>
    <![CDATA[my Method is Running]]>
  </system-out>
  <testcase classname="testNGKeyWord.InvocationCountUse" name="myMethod" time="0.016"/>
  <system-out>
    <![CDATA[my Method is Running]]>
  </system-out>
</testsuite> <!-- testNGKeyWord.InvocationCountUse -->
