<?xml version="1.0" encoding="UTF-8"?>
<!-- Generated by org.testng.reporters.JUnitReportReporter -->
<testsuite hostname="DESKTOP-S4IOPEO" failures="0" tests="2" name="testNGListener.Mumbai" time="0.004" errors="0" timestamp="2022-06-22T23:01:30 BST" skipped="0">
  <testcase classname="testNGListener.Mumbai" name="ghanSoli" time="0.001"/>
  <system-out>
    <![CDATA[ghanSoli TC is running
TC is sucess]]>
  </system-out>
  <testcase classname="testNGListener.Mumbai" name="Sanpada" time="0.003"/>
  <system-out>
    <![CDATA[Sanpada TC is running
TC is sucess]]>
  </system-out>
</testsuite> <!-- testNGListener.Mumbai -->
