<?xml version="1.0" encoding="UTF-8"?>
<!-- Generated by org.testng.reporters.JUnitReportReporter -->
<testsuite hostname="DESKTOP-S4IOPEO" failures="0" tests="1" name="xmlStudy.MyTest4" time="0.002" errors="0" timestamp="2022-06-14T16:32:29 BST" skipped="0">
  <testcase classname="xmlStudy.MyTest4" name="myMethod7" time="0.002"/>
  <system-out>
    <![CDATA[my Method7 sanity is Running]]>
  </system-out>
</testsuite> <!-- xmlStudy.MyTest4 -->
