<?xml version="1.0" encoding="UTF-8"?>
<!-- Generated by org.testng.reporters.JUnitReportReporter -->
<testsuite hostname="DESKTOP-S4IOPEO" failures="0" tests="2" name="testNGListener.PuneTest" time="0.012" errors="0" timestamp="2022-06-22T23:01:30 BST" skipped="0">
  <testcase classname="testNGListener.PuneTest" name="shivajiNagar" time="0.002"/>
  <system-out>
    <![CDATA[shivajiNagar TC is running
TC is sucess]]>
  </system-out>
  <testcase classname="testNGListener.PuneTest" name="Swargate" time="0.010"/>
  <system-out>
    <![CDATA[Swargate TC is running
TC is sucess]]>
  </system-out>
</testsuite> <!-- testNGListener.PuneTest -->
