<?xml version="1.0" encoding="UTF-8"?>
<!-- Generated by org.testng.reporters.JUnitReportReporter -->
<testsuite hostname="DESKTOP-S4IOPEO" failures="0" tests="1" name="KiteWithExcel.KiteTestclassUsingTestNG" time="4.086" errors="0" timestamp="2022-06-20T11:59:37 BST" skipped="0">
  <testcase classname="KiteWithExcel.KiteTestclassUsingTestNG" name="VerifyKiteUserName" time="4.086"/>
  <system-out>
    <![CDATA[Validating user ID on login button
Expected UserID and Actual UserID are  matching TC is PASSED]]>
  </system-out>
</testsuite> <!-- KiteWithExcel.KiteTestclassUsingTestNG -->
