<?xml version="1.0" encoding="UTF-8"?>
<!-- Generated by org.testng.reporters.JUnitReportReporter -->
<testsuite hostname="DESKTOP-S4IOPEO" failures="0" tests="3" name="xmlStudy.MyTest2" time="0.020" errors="0" timestamp="2022-06-14T11:43:58 BST" skipped="0">
  <testcase classname="xmlStudy.MyTest2" name="myMethod9" time="0.005"/>
  <system-out>
    <![CDATA[my Method9 is Running]]>
  </system-out>
  <testcase classname="xmlStudy.MyTest2" name="myMethod10" time="0.013"/>
  <system-out>
    <![CDATA[my Method10 is Running]]>
  </system-out>
  <testcase classname="xmlStudy.MyTest2" name="myMethod6" time="0.002"/>
  <system-out>
    <![CDATA[my Method6 is Running]]>
  </system-out>
</testsuite> <!-- xmlStudy.MyTest2 -->
