<?xml version="1.0" encoding="UTF-8"?>
<!-- Generated by org.testng.reporters.JUnitReportReporter -->
<testsuite hostname="DESKTOP-S4IOPEO" failures="0" tests="1" name="parallelExecution.MyClass1" time="4.812" errors="0" timestamp="2022-06-14T21:35:15 BST" skipped="0">
  <testcase classname="parallelExecution.MyClass1" name="myMethod1" time="4.812"/>
  <system-out>
    <![CDATA[my Method1  is running]]>
  </system-out>
</testsuite> <!-- parallelExecution.MyClass1 -->
