<?xml version="1.0" encoding="UTF-8"?>
<!-- Generated by org.testng.reporters.JUnitReportReporter -->
<testsuite hostname="DESKTOP-S4IOPEO" failures="0" tests="1" name="verificationUsingTestNG.Verification" time="23.216" errors="0" timestamp="2022-06-15T13:57:42 BST" skipped="0">
  <testcase classname="verificationUsingTestNG.Verification" name="myTC" time="23.216"/>
  <system-out>
    <![CDATA[CheckBox is Selected TC is passed]]>
  </system-out>
</testsuite> <!-- verificationUsingTestNG.Verification -->
