<?xml version="1.0" encoding="UTF-8"?>
<!-- Generated by org.testng.reporters.JUnitReportReporter -->
<testsuite hostname="DESKTOP-S4IOPEO" failures="0" tests="3" name="testNG.MyTestClass" time="12.498" errors="0" timestamp="2022-06-14T21:08:54 BST" skipped="0">
  <testcase classname="testNG.MyTestClass" name="myMethod1" time="7.714"/>
  <system-out/>
  <testcase classname="testNG.MyTestClass" name="myMethod2" time="2.130"/>
  <system-out>
    <![CDATA[myMethod is running]]>
  </system-out>
  <testcase classname="testNG.MyTestClass" name="myMethod3" time="2.654"/>
  <system-out>
    <![CDATA[myMethod3  is running]]>
  </system-out>
</testsuite> <!-- testNG.MyTestClass -->
