<?xml version="1.0" encoding="UTF-8"?>
<!-- Generated by org.testng.reporters.JUnitReportReporter -->
<testsuite hostname="DESKTOP-S4IOPEO" failures="0" tests="4" name="testNGKeyWord.EnabledUse" time="0.018" errors="0" timestamp="2022-06-14T10:50:25 BST" skipped="1">
  <testcase classname="testNGKeyWord.EnabledUse" name="B" time="0.002"/>
  <system-out>
    <![CDATA[B is running]]>
  </system-out>
  <testcase classname="testNGKeyWord.EnabledUse" name="A" time="0.015"/>
  <system-out>
    <![CDATA[A is running]]>
  </system-out>
  <testcase classname="testNGKeyWord.EnabledUse" name="C" time="0.001"/>
  <system-out>
    <![CDATA[C is running]]>
  </system-out>
  <testcase classname="testNGKeyWord.EnabledUse" name="D">
    <skipped/>
  </testcase> <!-- D -->
  <system-out/>
</testsuite> <!-- testNGKeyWord.EnabledUse -->
