<?xml version="1.0" encoding="UTF-8"?>
<!-- Generated by org.testng.reporters.JUnitReportReporter -->
<testsuite hostname="DESKTOP-S4IOPEO" failures="0" tests="1" name="parallelExecution.MyClass3" time="8.974" errors="0" timestamp="2022-06-14T21:35:15 BST" skipped="0">
  <testcase classname="parallelExecution.MyClass3" name="myMethod3" time="8.974"/>
  <system-out>
    <![CDATA[my Method3  is running]]>
  </system-out>
</testsuite> <!-- parallelExecution.MyClass3 -->
